

Started GET "/" for 127.0.0.1 at 2016-01-06 21:30:38 +0100

ActiveRecord::NoDatabaseError (FATAL:  database "library_development" does not exist
):
  activerecord (4.2.5) lib/active_record/connection_adapters/postgresql_adapter.rb:661:in `rescue in connect'
  activerecord (4.2.5) lib/active_record/connection_adapters/postgresql_adapter.rb:651:in `connect'
  activerecord (4.2.5) lib/active_record/connection_adapters/postgresql_adapter.rb:242:in `initialize'
  activerecord (4.2.5) lib/active_record/connection_adapters/postgresql_adapter.rb:44:in `new'
  activerecord (4.2.5) lib/active_record/connection_adapters/postgresql_adapter.rb:44:in `postgresql_connection'
  activerecord (4.2.5) lib/active_record/connection_adapters/abstract/connection_pool.rb:438:in `new_connection'
  activerecord (4.2.5) lib/active_record/connection_adapters/abstract/connection_pool.rb:448:in `checkout_new_connection'
  activerecord (4.2.5) lib/active_record/connection_adapters/abstract/connection_pool.rb:422:in `acquire_connection'
  activerecord (4.2.5) lib/active_record/connection_adapters/abstract/connection_pool.rb:349:in `block in checkout'
  /home/michael/.rbenv/versions/2.2.0/lib/ruby/2.2.0/monitor.rb:211:in `mon_synchronize'
  activerecord (4.2.5) lib/active_record/connection_adapters/abstract/connection_pool.rb:348:in `checkout'
  activerecord (4.2.5) lib/active_record/connection_adapters/abstract/connection_pool.rb:263:in `block in connection'
  /home/michael/.rbenv/versions/2.2.0/lib/ruby/2.2.0/monitor.rb:211:in `mon_synchronize'
  activerecord (4.2.5) lib/active_record/connection_adapters/abstract/connection_pool.rb:262:in `connection'
  activerecord (4.2.5) lib/active_record/connection_adapters/abstract/connection_pool.rb:571:in `retrieve_connection'
  activerecord (4.2.5) lib/active_record/connection_handling.rb:113:in `retrieve_connection'
  activerecord (4.2.5) lib/active_record/connection_handling.rb:87:in `connection'
  activerecord (4.2.5) lib/active_record/migration.rb:383:in `connection'
  activerecord (4.2.5) lib/active_record/migration.rb:370:in `call'
  actionpack (4.2.5) lib/action_dispatch/middleware/callbacks.rb:29:in `block in call'
  activesupport (4.2.5) lib/active_support/callbacks.rb:88:in `__run_callbacks__'
  activesupport (4.2.5) lib/active_support/callbacks.rb:778:in `_run_call_callbacks'
  activesupport (4.2.5) lib/active_support/callbacks.rb:81:in `run_callbacks'
  actionpack (4.2.5) lib/action_dispatch/middleware/callbacks.rb:27:in `call'
  actionpack (4.2.5) lib/action_dispatch/middleware/reloader.rb:73:in `call'
  actionpack (4.2.5) lib/action_dispatch/middleware/remote_ip.rb:78:in `call'
  actionpack (4.2.5) lib/action_dispatch/middleware/debug_exceptions.rb:17:in `call'
  web-console (2.2.1) lib/web_console/middleware.rb:39:in `call'
  actionpack (4.2.5) lib/action_dispatch/middleware/show_exceptions.rb:30:in `call'
  railties (4.2.5) lib/rails/rack/logger.rb:38:in `call_app'
  railties (4.2.5) lib/rails/rack/logger.rb:20:in `block in call'
  activesupport (4.2.5) lib/active_support/tagged_logging.rb:68:in `block in tagged'
  activesupport (4.2.5) lib/active_support/tagged_logging.rb:26:in `tagged'
  activesupport (4.2.5) lib/active_support/tagged_logging.rb:68:in `tagged'
  railties (4.2.5) lib/rails/rack/logger.rb:20:in `call'
  actionpack (4.2.5) lib/action_dispatch/middleware/request_id.rb:21:in `call'
  rack (1.6.4) lib/rack/methodoverride.rb:22:in `call'
  rack (1.6.4) lib/rack/runtime.rb:18:in `call'
  activesupport (4.2.5) lib/active_support/cache/strategy/local_cache_middleware.rb:28:in `call'
  rack (1.6.4) lib/rack/lock.rb:17:in `call'
  actionpack (4.2.5) lib/action_dispatch/middleware/static.rb:116:in `call'
  rack (1.6.4) lib/rack/sendfile.rb:113:in `call'
  railties (4.2.5) lib/rails/engine.rb:518:in `call'
  railties (4.2.5) lib/rails/application.rb:165:in `call'
  rack (1.6.4) lib/rack/lock.rb:17:in `call'
  rack (1.6.4) lib/rack/content_length.rb:15:in `call'
  rack (1.6.4) lib/rack/handler/webrick.rb:88:in `service'
  /home/michael/.rbenv/versions/2.2.0/lib/ruby/2.2.0/webrick/httpserver.rb:138:in `service'
  /home/michael/.rbenv/versions/2.2.0/lib/ruby/2.2.0/webrick/httpserver.rb:94:in `run'
  /home/michael/.rbenv/versions/2.2.0/lib/ruby/2.2.0/webrick/server.rb:294:in `block in start_thread'


  Rendered /home/michael/.rbenv/versions/2.2.0/lib/ruby/gems/2.2.0/gems/actionpack-4.2.5/lib/action_dispatch/middleware/templates/rescues/_source.erb (6.3ms)
  Rendered /home/michael/.rbenv/versions/2.2.0/lib/ruby/gems/2.2.0/gems/actionpack-4.2.5/lib/action_dispatch/middleware/templates/rescues/_trace.html.erb (4.1ms)
  Rendered /home/michael/.rbenv/versions/2.2.0/lib/ruby/gems/2.2.0/gems/actionpack-4.2.5/lib/action_dispatch/middleware/templates/rescues/_request_and_response.html.erb (1.9ms)
  Rendered /home/michael/.rbenv/versions/2.2.0/lib/ruby/gems/2.2.0/gems/actionpack-4.2.5/lib/action_dispatch/middleware/templates/rescues/diagnostics.html.erb within rescues/layout (65.7ms)
  Rendered /home/michael/.rbenv/versions/2.2.0/lib/ruby/gems/2.2.0/gems/web-console-2.2.1/lib/web_console/templates/_markup.html.erb (0.7ms)
  Rendered /home/michael/.rbenv/versions/2.2.0/lib/ruby/gems/2.2.0/gems/web-console-2.2.1/lib/web_console/templates/_inner_console_markup.html.erb within layouts/inlined_string (0.6ms)
  Rendered /home/michael/.rbenv/versions/2.2.0/lib/ruby/gems/2.2.0/gems/web-console-2.2.1/lib/web_console/templates/_prompt_box_markup.html.erb within layouts/inlined_string (0.5ms)
  Rendered /home/michael/.rbenv/versions/2.2.0/lib/ruby/gems/2.2.0/gems/web-console-2.2.1/lib/web_console/templates/style.css.erb within layouts/inlined_string (0.6ms)
  Rendered /home/michael/.rbenv/versions/2.2.0/lib/ruby/gems/2.2.0/gems/web-console-2.2.1/lib/web_console/templates/console.js.erb within layouts/javascript (36.3ms)
  Rendered /home/michael/.rbenv/versions/2.2.0/lib/ruby/gems/2.2.0/gems/web-console-2.2.1/lib/web_console/templates/main.js.erb within layouts/javascript (0.6ms)
  Rendered /home/michael/.rbenv/versions/2.2.0/lib/ruby/gems/2.2.0/gems/web-console-2.2.1/lib/web_console/templates/error_page.js.erb within layouts/javascript (0.7ms)
  Rendered /home/michael/.rbenv/versions/2.2.0/lib/ruby/gems/2.2.0/gems/web-console-2.2.1/lib/web_console/templates/index.html.erb (93.1ms)
  [1m[36m (129.4ms)[0m  [1mCREATE TABLE "schema_migrations" ("version" character varying NOT NULL) [0m
  [1m[35m (71.9ms)[0m  CREATE UNIQUE INDEX  "unique_schema_migrations" ON "schema_migrations"  ("version")
  [1m[36mActiveRecord::SchemaMigration Load (0.7ms)[0m  [1mSELECT "schema_migrations".* FROM "schema_migrations"[0m
  [1m[36mSQL (0.5ms)[0m  [1mCREATE EXTENSION IF NOT EXISTS "plpgsql"[0m
  [1m[35m (0.6ms)[0m  SELECT version FROM "schema_migrations"
  [1m[36m (12.2ms)[0m  [1mINSERT INTO "schema_migrations" (version) VALUES ('0')[0m
  [1m[35mSQL (0.4ms)[0m  CREATE EXTENSION IF NOT EXISTS "plpgsql"
  [1m[36m (125.4ms)[0m  [1mCREATE TABLE "schema_migrations" ("version" character varying NOT NULL) [0m
  [1m[35m (63.6ms)[0m  CREATE UNIQUE INDEX  "unique_schema_migrations" ON "schema_migrations"  ("version")
  [1m[36m (0.6ms)[0m  [1mSELECT version FROM "schema_migrations"[0m
  [1m[35m (9.9ms)[0m  INSERT INTO "schema_migrations" (version) VALUES ('0')
  [1m[36mActiveRecord::SchemaMigration Load (0.7ms)[0m  [1mSELECT "schema_migrations".* FROM "schema_migrations"[0m


Started GET "/" for 127.0.0.1 at 2016-01-06 21:32:54 +0100
Processing by Rails::WelcomeController#index as HTML
  Rendered /home/michael/.rbenv/versions/2.2.0/lib/ruby/gems/2.2.0/gems/railties-4.2.5/lib/rails/templates/rails/welcome/index.html.erb (2.3ms)
Completed 200 OK in 55ms (Views: 33.3ms | ActiveRecord: 0.0ms)


Started GET "/rails/info/properties" for 127.0.0.1 at 2016-01-06 21:33:30 +0100
Processing by Rails::InfoController#properties as HTML
  [1m[36mActiveRecord::SchemaMigration Load (0.7ms)[0m  [1mSELECT "schema_migrations".* FROM "schema_migrations"[0m
  Rendered /home/michael/.rbenv/versions/2.2.0/lib/ruby/gems/2.2.0/gems/railties-4.2.5/lib/rails/templates/rails/info/properties.html.erb (0.6ms)
Completed 200 OK in 71ms (Views: 22.3ms | ActiveRecord: 4.0ms)


Started GET "/" for 127.0.0.1 at 2016-01-06 21:35:51 +0100
Processing by Rails::WelcomeController#index as HTML
  Rendered /home/michael/.rbenv/versions/2.2.0/lib/ruby/gems/2.2.0/gems/railties-4.2.5/lib/rails/templates/rails/welcome/index.html.erb (3.0ms)
Completed 200 OK in 32ms (Views: 14.2ms | ActiveRecord: 0.0ms)


Started GET "/rails/info/properties" for 127.0.0.1 at 2016-01-06 21:35:53 +0100
Processing by Rails::InfoController#properties as HTML
  [1m[36mActiveRecord::SchemaMigration Load (0.7ms)[0m  [1mSELECT "schema_migrations".* FROM "schema_migrations"[0m
  Rendered /home/michael/.rbenv/versions/2.2.0/lib/ruby/gems/2.2.0/gems/railties-4.2.5/lib/rails/templates/rails/info/properties.html.erb (0.6ms)
Completed 200 OK in 68ms (Views: 18.8ms | ActiveRecord: 4.0ms)
